2015/01/26 03:54:00 [debug] 8742#0: *1 event timer del: 15: 610325584
2015/01/26 03:54:00 [debug] 8742#0: *1 generic phase: 0
2015/01/26 03:54:00 [debug] 8742#0: *1 rewrite phase: 1
2015/01/26 03:54:00 [debug] 8742#0: *1 test location: "/"
2015/01/26 03:54:00 [debug] 8742#0: *1 using configuration "/"
2015/01/26 03:54:00 [debug] 8742#0: *1 http cl:-1 max:78643200
2015/01/26 03:54:00 [debug] 8742#0: *1 rewrite phase: 3
2015/01/26 03:54:00 [debug] 8742#0: *1 post rewrite phase: 4
2015/01/26 03:54:00 [debug] 8742#0: *1 generic phase: 5
2015/01/26 03:54:00 [debug] 8742#0: *1 generic phase: 6
2015/01/26 03:54:00 [debug] 8742#0: *1 generic phase: 7
2015/01/26 03:54:00 [debug] 8742#0: *1 access phase: 8
2015/01/26 03:54:00 [debug] 8742#0: *1 access phase: 9
2015/01/26 03:54:00 [debug] 8742#0: *1 access phase: 10
2015/01/26 03:54:00 [debug] 8742#0: *1 post access phase: 11
2015/01/26 03:54:00 [debug] 8742#0: *1 try files phase: 12
2015/01/26 03:54:00 [debug] 8742#0: *1 http script var: "/"
2015/01/26 03:54:00 [debug] 8742#0: *1 trying to use file: "/" "/var/www/brewMonitor/static/"
2015/01/26 03:54:00 [debug] 8742#0: *1 trying to use file: "@proxy_to_app" "/var/www/brewMonitor/static@proxy_to_app"
2015/01/26 03:54:00 [debug] 8742#0: *1 test location: "@proxy_to_app"
2015/01/26 03:54:00 [debug] 8742#0: *1 using location: @proxy_to_app "/?"
2015/01/26 03:54:00 [debug] 8742#0: *1 rewrite phase: 3
2015/01/26 03:54:00 [debug] 8742#0: *1 post rewrite phase: 4
2015/01/26 03:54:00 [debug] 8742#0: *1 generic phase: 5
2015/01/26 03:54:00 [debug] 8742#0: *1 generic phase: 6
2015/01/26 03:54:00 [debug] 8742#0: *1 generic phase: 7
2015/01/26 03:54:00 [debug] 8742#0: *1 access phase: 8
2015/01/26 03:54:00 [debug] 8742#0: *1 access phase: 9
2015/01/26 03:54:00 [debug] 8742#0: *1 access phase: 10
2015/01/26 03:54:00 [debug] 8742#0: *1 post access phase: 11
2015/01/26 03:54:00 [debug] 8742#0: *1 try files phase: 12
2015/01/26 03:54:00 [debug] 8742#0: *1 http init upstream, client timer: 0
2015/01/26 03:54:00 [debug] 8742#0: *1 epoll add event: fd:15 op:3 ev:80000005
2015/01/26 03:54:00 [debug] 8742#0: *1 http script copy: "X-Forwarded-For: "
2015/01/26 03:54:00 [debug] 8742#0: *1 http script var: "192.168.1.134"
2015/01/26 03:54:00 [debug] 8742#0: *1 http script copy: "
"
2015/01/26 03:54:00 [debug] 8742#0: *1 http script copy: "Host: "
2015/01/26 03:54:00 [debug] 8742#0: *1 http script var: "192.168.1.101"
2015/01/26 03:54:00 [debug] 8742#0: *1 http script copy: "
"
2015/01/26 03:54:00 [debug] 8742#0: *1 http script copy: "Connection: close
"
2015/01/26 03:54:00 [debug] 8742#0: *1 http proxy header: "Cache-Control: max-age=0"
2015/01/26 03:54:00 [debug] 8742#0: *1 http proxy header: "Accept: text/html,application/xhtml+xml,application/xml;q=0.9,image/webp,*/*;q=0.8"
2015/01/26 03:54:00 [debug] 8742#0: *1 http proxy header: "User-Agent: Mozilla/5.0 (X11; Linux x86_64) AppleWebKit/537.36 (KHTML, like Gecko) Chrome/39.0.2171.99 Safari/537.36"
2015/01/26 03:54:00 [debug] 8742#0: *1 http proxy header: "Accept-Encoding: gzip, deflate, sdch"
2015/01/26 03:54:00 [debug] 8742#0: *1 http proxy header: "Accept-Language: en-US,en;q=0.8"
2015/01/26 03:54:00 [debug] 8742#0: *1 http proxy header:
"GET / HTTP/1.0
X-Forwarded-For: 192.168.1.134
Host: 192.168.1.101
Connection: close
Cache-Control: max-age=0
Accept: text/html,application/xhtml+xml,application/xml;q=0.9,image/webp,*/*;q=0.8
User-Agent: Mozilla/5.0 (X11; Linux x86_64) AppleWebKit/537.36 (KHTML, like Gecko) Chrome/39.0.2171.99 Safari/537.36
Accept-Encoding: gzip, deflate, sdch
Accept-Language: en-US,en;q=0.8

"
2015/01/26 03:54:00 [debug] 8742#0: *1 http cleanup add: 008C6068
2015/01/26 03:54:00 [debug] 8742#0: *1 get rr peer, try: 1
2015/01/26 03:54:00 [debug] 8742#0: *1 socket 16
2015/01/26 03:54:00 [debug] 8742#0: *1 epoll add connection: fd:16 ev:80000005
2015/01/26 03:54:00 [debug] 8742#0: *1 connect to unix:/tmp/gunicorn.sock, fd:16 #2
2015/01/26 03:54:00 [debug] 8742#0: *1 connected
2015/01/26 03:54:00 [debug] 8742#0: *1 http upstream connect: 0
2015/01/26 03:54:00 [debug] 8742#0: *1 posix_memalign: 008C09F0:128 @16
2015/01/26 03:54:00 [debug] 8742#0: *1 http upstream send request
2015/01/26 03:54:00 [debug] 8742#0: *1 chain writer buf fl:1 s:389
2015/01/26 03:54:00 [debug] 8742#0: *1 chain writer in: 008C6084
2015/01/26 03:54:00 [debug] 8742#0: *1 writev: 389
2015/01/26 03:54:00 [debug] 8742#0: *1 chain writer out: 00000000
2015/01/26 03:54:00 [debug] 8742#0: *1 event timer add: 16: 60000:610325588
2015/01/26 03:54:00 [debug] 8742#0: *1 http finalize request: -4, "/?" a:1, c:3
2015/01/26 03:54:00 [debug] 8742#0: *1 http request count:3 blk:0
2015/01/26 03:54:00 [debug] 8742#0: *1 http finalize request: -4, "/?" a:1, c:2
2015/01/26 03:54:00 [debug] 8742#0: *1 http request count:2 blk:0
2015/01/26 03:54:00 [debug] 8742#0: *1 post event 008FD080
2015/01/26 03:54:00 [debug] 8742#0: *1 post event 008FD0B4
2015/01/26 03:54:00 [debug] 8742#0: *1 delete posted event 008FD0B4
2015/01/26 03:54:00 [debug] 8742#0: *1 http upstream request: "/?"
2015/01/26 03:54:00 [debug] 8742#0: *1 http upstream dummy handler
2015/01/26 03:54:00 [debug] 8742#0: *1 delete posted event 008FD080
2015/01/26 03:54:00 [debug] 8742#0: *1 http run request: "/?"
2015/01/26 03:54:00 [debug] 8742#0: *1 http upstream check client, write event:1, "/"
2015/01/26 03:54:00 [debug] 8742#0: *1 http upstream recv(): -1 (11: Resource temporarily unavailable)
2015/01/26 03:54:00 [debug] 8742#0: *1 post event 008FD0B4
2015/01/26 03:54:00 [debug] 8742#0: *1 delete posted event 008FD0B4
2015/01/26 03:54:00 [debug] 8742#0: *1 http upstream request: "/?"
2015/01/26 03:54:00 [debug] 8742#0: *1 http upstream dummy handler
2015/01/26 03:54:01 [debug] 8742#0: *1 post event 008F34AC
2015/01/26 03:54:01 [debug] 8742#0: *1 post event 008FD0B4
2015/01/26 03:54:01 [debug] 8742#0: *1 delete posted event 008FD0B4
2015/01/26 03:54:01 [debug] 8742#0: *1 http upstream request: "/?"
2015/01/26 03:54:01 [debug] 8742#0: *1 http upstream dummy handler
2015/01/26 03:54:01 [debug] 8742#0: *1 delete posted event 008F34AC
2015/01/26 03:54:01 [debug] 8742#0: *1 http upstream request: "/?"
2015/01/26 03:54:01 [debug] 8742#0: *1 http upstream process header
2015/01/26 03:54:01 [debug] 8742#0: *1 malloc: 008C65F8:4096
2015/01/26 03:54:01 [debug] 8742#0: *1 recv: fd:16 169 of 4096
2015/01/26 03:54:01 [debug] 8742#0: *1 http proxy status 200 "200 OK"
2015/01/26 03:54:01 [debug] 8742#0: *1 http proxy header: "Server: gunicorn/19.1.1"
2015/01/26 03:54:01 [debug] 8742#0: *1 http proxy header: "Date: Mon, 26 Jan 2015 03:54:01 GMT"
2015/01/26 03:54:01 [debug] 8742#0: *1 http proxy header: "Connection: close"
2015/01/26 03:54:01 [debug] 8742#0: *1 http proxy header: "X-Frame-Options: SAMEORIGIN"
2015/01/26 03:54:01 [debug] 8742#0: *1 http proxy header: "Content-Type: text/html; charset=utf-8"
2015/01/26 03:54:01 [debug] 8742#0: *1 http proxy header done
2015/01/26 03:54:01 [debug] 8742#0: *1 xslt filter header
2015/01/26 03:54:01 [debug] 8742#0: *1 HTTP/1.1 200 OK
Server: nginx/1.2.1
Date: Mon, 26 Jan 2015 03:54:01 GMT
Content-Type: text/html; charset=utf-8
Transfer-Encoding: chunked
Connection: keep-alive
X-Frame-Options: SAMEORIGIN
Content-Encoding: gzip

2015/01/26 03:54:01 [debug] 8742#0: *1 write new buf t:1 f:0 008C62E8, pos 008C62E8, size: 222 file: 0, size: 0
2015/01/26 03:54:01 [debug] 8742#0: *1 http write filter: l:0 f:0 s:222
2015/01/26 03:54:01 [debug] 8742#0: *1 http cacheable: 0
2015/01/26 03:54:01 [debug] 8742#0: *1 http proxy filter init s:200 h:0 c:0 l:-1
2015/01/26 03:54:01 [debug] 8742#0: *1 http upstream process upstream
2015/01/26 03:54:01 [debug] 8742#0: *1 pipe read upstream: 1
2015/01/26 03:54:01 [debug] 8742#0: *1 pipe preread: 0
2015/01/26 03:54:01 [debug] 8742#0: *1 readv: 1:3927
2015/01/26 03:54:01 [debug] 8742#0: *1 readv() not ready (11: Resource temporarily unavailable)
2015/01/26 03:54:01 [debug] 8742#0: *1 pipe recv chain: -2
2015/01/26 03:54:01 [debug] 8742#0: *1 pipe buf free s:0 t:1 f:0 008C65F8, pos 008C66A1, size: 0 file: 0, size: 0
2015/01/26 03:54:01 [debug] 8742#0: *1 pipe length: -1
2015/01/26 03:54:01 [debug] 8742#0: *1 event timer del: 16: 610325588
2015/01/26 03:54:01 [debug] 8742#0: *1 event timer add: 16: 60000:610326610
2015/01/26 03:54:01 [debug] 8742#0: *1 post event 008F34AC
2015/01/26 03:54:01 [debug] 8742#0: *1 post event 008FD0B4
2015/01/26 03:54:01 [debug] 8742#0: *1 delete posted event 008FD0B4
2015/01/26 03:54:01 [debug] 8742#0: *1 http upstream request: "/?"
2015/01/26 03:54:01 [debug] 8742#0: *1 http upstream dummy handler
2015/01/26 03:54:01 [debug] 8742#0: *1 delete posted event 008F34AC
2015/01/26 03:54:01 [debug] 8742#0: *1 http upstream request: "/?"
2015/01/26 03:54:01 [debug] 8742#0: *1 http upstream process upstream
2015/01/26 03:54:01 [debug] 8742#0: *1 pipe read upstream: 1
2015/01/26 03:54:01 [debug] 8742#0: *1 readv: 1:3927
2015/01/26 03:54:01 [debug] 8742#0: *1 pipe recv chain: 11
2015/01/26 03:54:01 [debug] 8742#0: *1 readv: 1:3916
2015/01/26 03:54:01 [debug] 8742#0: *1 pipe recv chain: 0
2015/01/26 03:54:01 [debug] 8742#0: *1 pipe buf free s:0 t:1 f:0 008C65F8, pos 008C66A1, size: 11 file: 0, size: 0
2015/01/26 03:54:01 [debug] 8742#0: *1 pipe length: -1
2015/01/26 03:54:01 [debug] 8742#0: *1 input buf #0
2015/01/26 03:54:01 [debug] 8742#0: *1 pipe write downstream: 1
2015/01/26 03:54:01 [debug] 8742#0: *1 pipe write downstream flush in
2015/01/26 03:54:01 [debug] 8742#0: *1 http output filter "/?"
2015/01/26 03:54:01 [debug] 8742#0: *1 http copy filter: "/?"
2015/01/26 03:54:01 [debug] 8742#0: *1 image filter
2015/01/26 03:54:01 [debug] 8742#0: *1 xslt filter body
2015/01/26 03:54:01 [debug] 8742#0: *1 http postpone filter "/?" 008C64C0
2015/01/26 03:54:01 [debug] 8742#0: *1 http gzip filter
2015/01/26 03:54:01 [debug] 8742#0: *1 malloc: B6544008:270336
2015/01/26 03:54:01 [debug] 8742#0: *1 gzip alloc: n:1 s:5828 a:8192 p:B6544008
2015/01/26 03:54:01 [debug] 8742#0: *1 gzip alloc: n:32768 s:2 a:65536 p:B6546008
2015/01/26 03:54:01 [debug] 8742#0: *1 gzip alloc: n:32768 s:2 a:65536 p:B6556008
2015/01/26 03:54:01 [debug] 8742#0: *1 gzip alloc: n:32768 s:2 a:65536 p:B6566008
2015/01/26 03:54:01 [debug] 8742#0: *1 gzip alloc: n:16384 s:4 a:65536 p:B6576008
2015/01/26 03:54:01 [debug] 8742#0: *1 gzip in: 008C6510
2015/01/26 03:54:01 [debug] 8742#0: *1 gzip in_buf:008C6488 ni:008C66A1 ai:11
2015/01/26 03:54:01 [debug] 8742#0: *1 malloc: 008C7600:4096
2015/01/26 03:54:01 [debug] 8742#0: *1 deflate in: ni:008C66A1 no:008C7600 ai:11 ao:4096 fl:0 redo:0
2015/01/26 03:54:01 [debug] 8742#0: *1 deflate out: ni:008C66AC no:008C7600 ai:0 ao:4096 rc:0
2015/01/26 03:54:01 [debug] 8742#0: *1 gzip in_buf:008C6488 pos:008C66A1
2015/01/26 03:54:01 [debug] 8742#0: *1 gzip in: 00000000
2015/01/26 03:54:01 [debug] 8742#0: *1 http copy filter: 0 "/?"
2015/01/26 03:54:01 [debug] 8742#0: *1 pipe write downstream done
2015/01/26 03:54:01 [debug] 8742#0: *1 event timer: 16, old: 610326610, new: 610326617
2015/01/26 03:54:01 [debug] 8742#0: *1 http upstream exit: 00000000
2015/01/26 03:54:01 [debug] 8742#0: *1 finalize http upstream request: 0
2015/01/26 03:54:01 [debug] 8742#0: *1 finalize http proxy request
2015/01/26 03:54:01 [debug] 8742#0: *1 free rr peer 1 0
2015/01/26 03:54:01 [debug] 8742#0: *1 close http upstream connection: 16
2015/01/26 03:54:01 [debug] 8742#0: *1 free: 008C09F0, unused: 88
2015/01/26 03:54:01 [debug] 8742#0: *1 event timer del: 16: 610326610
2015/01/26 03:54:01 [debug] 8742#0: *1 reusable connection: 0
2015/01/26 03:54:01 [debug] 8742#0: *1 http upstream temp fd: -1
2015/01/26 03:54:01 [debug] 8742#0: *1 http output filter "/?"
2015/01/26 03:54:01 [debug] 8742#0: *1 http copy filter: "/?"
2015/01/26 03:54:01 [debug] 8742#0: *1 image filter
2015/01/26 03:54:01 [debug] 8742#0: *1 xslt filter body
2015/01/26 03:54:01 [debug] 8742#0: *1 http postpone filter "/?" BEC749F8
2015/01/26 03:54:01 [debug] 8742#0: *1 http gzip filter
2015/01/26 03:54:01 [debug] 8742#0: *1 gzip in: 008C6590
2015/01/26 03:54:01 [debug] 8742#0: *1 gzip in_buf:008C6558 ni:00000000 ai:0
2015/01/26 03:54:01 [debug] 8742#0: *1 deflate in: ni:00000000 no:008C7600 ai:0 ao:4096 fl:4 redo:0
2015/01/26 03:54:01 [debug] 8742#0: *1 deflate out: ni:00000000 no:008C760D ai:0 ao:4083 rc:1
2015/01/26 03:54:01 [debug] 8742#0: *1 gzip in_buf:008C6558 pos:00000000
2015/01/26 03:54:01 [debug] 8742#0: *1 free: B6544008
2015/01/26 03:54:01 [debug] 8742#0: *1 http chunk: 10
2015/01/26 03:54:01 [debug] 8742#0: *1 http chunk: 21
2015/01/26 03:54:01 [debug] 8742#0: *1 posix_memalign: 008C8620:4096 @16
2015/01/26 03:54:01 [debug] 8742#0: *1 write old buf t:1 f:0 008C62E8, pos 008C62E8, size: 222 file: 0, size: 0
2015/01/26 03:54:01 [debug] 8742#0: *1 write new buf t:1 f:0 008C8670, pos 008C8670, size: 4 file: 0, size: 0
2015/01/26 03:54:01 [debug] 8742#0: *1 write new buf t:0 f:0 00000000, pos 000B1C7C, size: 10 file: 0, size: 0
2015/01/26 03:54:01 [debug] 8742#0: *1 write new buf t:1 f:0 008C7600, pos 008C7600, size: 21 file: 0, size: 0
2015/01/26 03:54:01 [debug] 8742#0: *1 write new buf t:0 f:0 00000000, pos 0009BF3C, size: 7 file: 0, size: 0
2015/01/26 03:54:01 [debug] 8742#0: *1 http write filter: l:1 f:1 s:264
2015/01/26 03:54:01 [debug] 8742#0: *1 http write filter limit 0
2015/01/26 03:54:01 [debug] 8742#0: *1 writev: 264
2015/01/26 03:54:01 [debug] 8742#0: *1 http write filter 00000000
2015/01/26 03:54:01 [debug] 8742#0: *1 http copy filter: 0 "/?"
2015/01/26 03:54:01 [debug] 8742#0: *1 http finalize request: 0, "/?" a:1, c:1
2015/01/26 03:54:01 [debug] 8742#0: *1 set http keepalive handler
2015/01/26 03:54:01 [debug] 8742#0: *1 http close request
2015/01/26 03:54:01 [debug] 8742#0: *1 http log handler
2015/01/26 03:54:01 [debug] 8742#0: *1 free: 008C7600
2015/01/26 03:54:01 [debug] 8742#0: *1 free: 00000000
2015/01/26 03:54:01 [debug] 8742#0: *1 free: 008C65F8
2015/01/26 03:54:01 [debug] 8742#0: *1 free: 008C55F0, unused: 0
2015/01/26 03:54:01 [debug] 8742#0: *1 free: 008C8620, unused: 3700
2015/01/26 03:54:01 [debug] 8742#0: *1 event timer add: 15: 65000:610331617
2015/01/26 03:54:01 [debug] 8742#0: *1 free: 008C4F30
2015/01/26 03:54:01 [debug] 8742#0: *1 free: 008C51E8
2015/01/26 03:54:01 [debug] 8742#0: *1 hc free: 00000000 0
2015/01/26 03:54:01 [debug] 8742#0: *1 hc busy: 00000000 0
2015/01/26 03:54:01 [debug] 8742#0: *1 tcp_nodelay
2015/01/26 03:54:01 [debug] 8742#0: *1 reusable connection: 1
2015/01/26 03:54:01 [debug] 8742#0: *1 post event 008F3478
2015/01/26 03:54:01 [debug] 8742#0: *1 delete posted event 008F3478
2015/01/26 03:54:01 [debug] 8742#0: *1 http keepalive handler
2015/01/26 03:54:01 [debug] 8742#0: *1 malloc: 008C4F30:1024
2015/01/26 03:54:01 [debug] 8742#0: *1 recv: fd:15 -1 of 1024
2015/01/26 03:54:01 [debug] 8742#0: *1 recv() not ready (11: Resource temporarily unavailable)
2015/01/26 03:54:12 [debug] 8742#0: *3 event timer del: 16: 610337944
2015/01/26 03:54:12 [debug] 8742#0: *3 generic phase: 0
2015/01/26 03:54:12 [debug] 8742#0: *3 rewrite phase: 1
2015/01/26 03:54:12 [debug] 8742#0: *3 test location: "/"
2015/01/26 03:54:12 [debug] 8742#0: *3 using configuration "/"
2015/01/26 03:54:12 [debug] 8742#0: *3 http cl:-1 max:78643200
2015/01/26 03:54:12 [debug] 8742#0: *3 rewrite phase: 3
2015/01/26 03:54:12 [debug] 8742#0: *3 post rewrite phase: 4
2015/01/26 03:54:12 [debug] 8742#0: *3 generic phase: 5
2015/01/26 03:54:12 [debug] 8742#0: *3 generic phase: 6
2015/01/26 03:54:12 [debug] 8742#0: *3 generic phase: 7
2015/01/26 03:54:12 [debug] 8742#0: *3 access phase: 8
2015/01/26 03:54:12 [debug] 8742#0: *3 access phase: 9
2015/01/26 03:54:12 [debug] 8742#0: *3 access phase: 10
2015/01/26 03:54:12 [debug] 8742#0: *3 post access phase: 11
2015/01/26 03:54:12 [debug] 8742#0: *3 try files phase: 12
2015/01/26 03:54:12 [debug] 8742#0: *3 http script var: "/"
2015/01/26 03:54:12 [debug] 8742#0: *3 trying to use file: "/" "/var/www/brewMonitor/static/"
2015/01/26 03:54:12 [debug] 8742#0: *3 trying to use file: "@proxy_to_app" "/var/www/brewMonitor/static@proxy_to_app"
2015/01/26 03:54:12 [debug] 8742#0: *3 test location: "@proxy_to_app"
2015/01/26 03:54:12 [debug] 8742#0: *3 using location: @proxy_to_app "/?"
2015/01/26 03:54:12 [debug] 8742#0: *3 rewrite phase: 3
2015/01/26 03:54:12 [debug] 8742#0: *3 post rewrite phase: 4
2015/01/26 03:54:12 [debug] 8742#0: *3 generic phase: 5
2015/01/26 03:54:12 [debug] 8742#0: *3 generic phase: 6
2015/01/26 03:54:12 [debug] 8742#0: *3 generic phase: 7
2015/01/26 03:54:12 [debug] 8742#0: *3 access phase: 8
2015/01/26 03:54:12 [debug] 8742#0: *3 access phase: 9
2015/01/26 03:54:12 [debug] 8742#0: *3 access phase: 10
2015/01/26 03:54:12 [debug] 8742#0: *3 post access phase: 11
2015/01/26 03:54:12 [debug] 8742#0: *3 try files phase: 12
2015/01/26 03:54:12 [debug] 8742#0: *3 http init upstream, client timer: 0
2015/01/26 03:54:12 [debug] 8742#0: *3 epoll add event: fd:16 op:3 ev:80000005
2015/01/26 03:54:12 [debug] 8742#0: *3 http script copy: "X-Forwarded-For: "
2015/01/26 03:54:12 [debug] 8742#0: *3 http script var: "192.168.1.109"
2015/01/26 03:54:12 [debug] 8742#0: *3 http script copy: "
"
2015/01/26 03:54:12 [debug] 8742#0: *3 http script copy: "Host: "
2015/01/26 03:54:12 [debug] 8742#0: *3 http script var: "192.168.1.101"
2015/01/26 03:54:12 [debug] 8742#0: *3 http script copy: "
"
2015/01/26 03:54:12 [debug] 8742#0: *3 http script copy: "Connection: close
"
2015/01/26 03:54:12 [debug] 8742#0: *3 http proxy header: "Accept: text/html,application/xhtml+xml,application/xml;q=0.9,image/webp,*/*;q=0.8"
2015/01/26 03:54:12 [debug] 8742#0: *3 http proxy header: "User-Agent: Mozilla/5.0 (X11; Linux x86_64) AppleWebKit/537.36 (KHTML, like Gecko) Chrome/40.0.2214.91 Safari/537.36"
2015/01/26 03:54:12 [debug] 8742#0: *3 http proxy header: "DNT: 1"
2015/01/26 03:54:12 [debug] 8742#0: *3 http proxy header: "Accept-Encoding: gzip, deflate, sdch"
2015/01/26 03:54:12 [debug] 8742#0: *3 http proxy header: "Accept-Language: en-US,en;q=0.8"
2015/01/26 03:54:12 [debug] 8742#0: *3 http proxy header:
"GET / HTTP/1.0
X-Forwarded-For: 192.168.1.109
Host: 192.168.1.101
Connection: close
Accept: text/html,application/xhtml+xml,application/xml;q=0.9,image/webp,*/*;q=0.8
User-Agent: Mozilla/5.0 (X11; Linux x86_64) AppleWebKit/537.36 (KHTML, like Gecko) Chrome/40.0.2214.91 Safari/537.36
DNT: 1
Accept-Encoding: gzip, deflate, sdch
Accept-Language: en-US,en;q=0.8

"
2015/01/26 03:54:12 [debug] 8742#0: *3 http cleanup add: 008C646C
2015/01/26 03:54:12 [debug] 8742#0: *3 get rr peer, try: 1
2015/01/26 03:54:12 [debug] 8742#0: *3 socket 17
2015/01/26 03:54:12 [debug] 8742#0: *3 epoll add connection: fd:17 ev:80000005
2015/01/26 03:54:12 [debug] 8742#0: *3 connect to unix:/tmp/gunicorn.sock, fd:17 #4
2015/01/26 03:54:12 [debug] 8742#0: *3 connected
2015/01/26 03:54:12 [debug] 8742#0: *3 http upstream connect: 0
2015/01/26 03:54:12 [debug] 8742#0: *3 posix_memalign: 008C0D60:128 @16
2015/01/26 03:54:12 [debug] 8742#0: *3 http upstream send request
2015/01/26 03:54:12 [debug] 8742#0: *3 chain writer buf fl:1 s:371
2015/01/26 03:54:12 [debug] 8742#0: *3 chain writer in: 008C6488
2015/01/26 03:54:12 [debug] 8742#0: *3 writev: 371
2015/01/26 03:54:12 [debug] 8742#0: *3 chain writer out: 00000000
2015/01/26 03:54:12 [debug] 8742#0: *3 event timer add: 17: 60000:610337946
2015/01/26 03:54:12 [debug] 8742#0: *3 http finalize request: -4, "/?" a:1, c:3
2015/01/26 03:54:12 [debug] 8742#0: *3 http request count:3 blk:0
2015/01/26 03:54:12 [debug] 8742#0: *3 http finalize request: -4, "/?" a:1, c:2
2015/01/26 03:54:12 [debug] 8742#0: *3 http request count:2 blk:0
2015/01/26 03:54:12 [debug] 8742#0: *3 http run request: "/?"
2015/01/26 03:54:12 [debug] 8742#0: *3 http upstream check client, write event:1, "/"
2015/01/26 03:54:12 [debug] 8742#0: *3 http upstream recv(): -1 (11: Resource temporarily unavailable)
2015/01/26 03:54:12 [debug] 8742#0: *3 http upstream request: "/?"
2015/01/26 03:54:12 [debug] 8742#0: *3 http upstream dummy handler
2015/01/26 03:54:12 [debug] 8742#0: *3 http upstream request: "/?"
2015/01/26 03:54:12 [debug] 8742#0: *3 http upstream dummy handler
2015/01/26 03:54:13 [debug] 8742#0: *3 http upstream request: "/?"
2015/01/26 03:54:13 [debug] 8742#0: *3 http upstream process header
2015/01/26 03:54:13 [debug] 8742#0: *3 malloc: 008C6A28:4096
2015/01/26 03:54:13 [debug] 8742#0: *3 recv: fd:17 169 of 4096
2015/01/26 03:54:13 [debug] 8742#0: *3 http proxy status 200 "200 OK"
2015/01/26 03:54:13 [debug] 8742#0: *3 http proxy header: "Server: gunicorn/19.1.1"
2015/01/26 03:54:13 [debug] 8742#0: *3 http proxy header: "Date: Mon, 26 Jan 2015 03:54:13 GMT"
2015/01/26 03:54:13 [debug] 8742#0: *3 http proxy header: "Connection: close"
2015/01/26 03:54:13 [debug] 8742#0: *3 http proxy header: "X-Frame-Options: SAMEORIGIN"
2015/01/26 03:54:13 [debug] 8742#0: *3 http proxy header: "Content-Type: text/html; charset=utf-8"
2015/01/26 03:54:13 [debug] 8742#0: *3 http proxy header done
2015/01/26 03:54:13 [debug] 8742#0: *3 xslt filter header
2015/01/26 03:54:13 [debug] 8742#0: *3 HTTP/1.1 200 OK
Server: nginx/1.2.1
Date: Mon, 26 Jan 2015 03:54:13 GMT
Content-Type: text/html; charset=utf-8
Transfer-Encoding: chunked
Connection: keep-alive
X-Frame-Options: SAMEORIGIN
Content-Encoding: gzip

2015/01/26 03:54:13 [debug] 8742#0: *3 write new buf t:1 f:0 008C66EC, pos 008C66EC, size: 222 file: 0, size: 0
2015/01/26 03:54:13 [debug] 8742#0: *3 http write filter: l:0 f:0 s:222
2015/01/26 03:54:13 [debug] 8742#0: *3 http cacheable: 0
2015/01/26 03:54:13 [debug] 8742#0: *3 http proxy filter init s:200 h:0 c:0 l:-1
2015/01/26 03:54:13 [debug] 8742#0: *3 http upstream process upstream
2015/01/26 03:54:13 [debug] 8742#0: *3 pipe read upstream: 1
2015/01/26 03:54:13 [debug] 8742#0: *3 pipe preread: 0
2015/01/26 03:54:13 [debug] 8742#0: *3 readv: 1:3927
2015/01/26 03:54:13 [debug] 8742#0: *3 readv() not ready (11: Resource temporarily unavailable)
2015/01/26 03:54:13 [debug] 8742#0: *3 pipe recv chain: -2
2015/01/26 03:54:13 [debug] 8742#0: *3 pipe buf free s:0 t:1 f:0 008C6A28, pos 008C6AD1, size: 0 file: 0, size: 0
2015/01/26 03:54:13 [debug] 8742#0: *3 pipe length: -1
2015/01/26 03:54:13 [debug] 8742#0: *3 event timer del: 17: 610337946
2015/01/26 03:54:13 [debug] 8742#0: *3 event timer add: 17: 60000:610338577
2015/01/26 03:54:13 [debug] 8742#0: *3 http upstream request: "/?"
2015/01/26 03:54:13 [debug] 8742#0: *3 http upstream dummy handler
2015/01/26 03:54:13 [debug] 8742#0: *3 http upstream request: "/?"
2015/01/26 03:54:13 [debug] 8742#0: *3 http upstream process upstream
2015/01/26 03:54:13 [debug] 8742#0: *3 pipe read upstream: 1
2015/01/26 03:54:13 [debug] 8742#0: *3 readv: 1:3927
2015/01/26 03:54:13 [debug] 8742#0: *3 pipe recv chain: 11
2015/01/26 03:54:13 [debug] 8742#0: *3 readv: 1:3916
2015/01/26 03:54:13 [debug] 8742#0: *3 pipe recv chain: 0
2015/01/26 03:54:13 [debug] 8742#0: *3 pipe buf free s:0 t:1 f:0 008C6A28, pos 008C6AD1, size: 11 file: 0, size: 0
2015/01/26 03:54:13 [debug] 8742#0: *3 pipe length: -1
2015/01/26 03:54:13 [debug] 8742#0: *3 input buf #0
2015/01/26 03:54:13 [debug] 8742#0: *3 pipe write downstream: 1
2015/01/26 03:54:13 [debug] 8742#0: *3 pipe write downstream flush in
2015/01/26 03:54:13 [debug] 8742#0: *3 http output filter "/?"
2015/01/26 03:54:13 [debug] 8742#0: *3 http copy filter: "/?"
2015/01/26 03:54:13 [debug] 8742#0: *3 image filter
2015/01/26 03:54:13 [debug] 8742#0: *3 xslt filter body
2015/01/26 03:54:13 [debug] 8742#0: *3 http postpone filter "/?" 008C68C4
2015/01/26 03:54:13 [debug] 8742#0: *3 http gzip filter
2015/01/26 03:54:13 [debug] 8742#0: *3 malloc: 00906C20:270336
2015/01/26 03:54:13 [debug] 8742#0: *3 gzip alloc: n:1 s:5828 a:8192 p:00906C20
2015/01/26 03:54:13 [debug] 8742#0: *3 gzip alloc: n:32768 s:2 a:65536 p:00908C20
2015/01/26 03:54:13 [debug] 8742#0: *3 gzip alloc: n:32768 s:2 a:65536 p:00918C20
2015/01/26 03:54:13 [debug] 8742#0: *3 gzip alloc: n:32768 s:2 a:65536 p:00928C20
2015/01/26 03:54:13 [debug] 8742#0: *3 gzip alloc: n:16384 s:4 a:65536 p:00938C20
2015/01/26 03:54:13 [debug] 8742#0: *3 gzip in: 008C6914
2015/01/26 03:54:13 [debug] 8742#0: *3 gzip in_buf:008C688C ni:008C6AD1 ai:11
2015/01/26 03:54:13 [debug] 8742#0: *3 malloc: 008C7A30:4096
2015/01/26 03:54:13 [debug] 8742#0: *3 deflate in: ni:008C6AD1 no:008C7A30 ai:11 ao:4096 fl:0 redo:0
2015/01/26 03:54:13 [debug] 8742#0: *3 deflate out: ni:008C6ADC no:008C7A30 ai:0 ao:4096 rc:0
2015/01/26 03:54:13 [debug] 8742#0: *3 gzip in_buf:008C688C pos:008C6AD1
2015/01/26 03:54:13 [debug] 8742#0: *3 gzip in: 00000000
2015/01/26 03:54:13 [debug] 8742#0: *3 http copy filter: 0 "/?"
2015/01/26 03:54:13 [debug] 8742#0: *3 pipe write downstream done
2015/01/26 03:54:13 [debug] 8742#0: *3 event timer: 17, old: 610338577, new: 610338580
2015/01/26 03:54:13 [debug] 8742#0: *3 http upstream exit: 00000000
2015/01/26 03:54:13 [debug] 8742#0: *3 finalize http upstream request: 0
2015/01/26 03:54:13 [debug] 8742#0: *3 finalize http proxy request
2015/01/26 03:54:13 [debug] 8742#0: *3 free rr peer 1 0
2015/01/26 03:54:13 [debug] 8742#0: *3 close http upstream connection: 17
2015/01/26 03:54:13 [debug] 8742#0: *3 free: 008C0D60, unused: 88
2015/01/26 03:54:13 [debug] 8742#0: *3 event timer del: 17: 610338577
2015/01/26 03:54:13 [debug] 8742#0: *3 reusable connection: 0
2015/01/26 03:54:13 [debug] 8742#0: *3 http upstream temp fd: -1
2015/01/26 03:54:13 [debug] 8742#0: *3 http output filter "/?"
2015/01/26 03:54:13 [debug] 8742#0: *3 http copy filter: "/?"
2015/01/26 03:54:13 [debug] 8742#0: *3 image filter
2015/01/26 03:54:13 [debug] 8742#0: *3 xslt filter body
2015/01/26 03:54:13 [debug] 8742#0: *3 http postpone filter "/?" BEC749A8
2015/01/26 03:54:13 [debug] 8742#0: *3 http gzip filter
2015/01/26 03:54:13 [debug] 8742#0: *3 gzip in: 008C6994
2015/01/26 03:54:13 [debug] 8742#0: *3 gzip in_buf:008C695C ni:00000000 ai:0
2015/01/26 03:54:13 [debug] 8742#0: *3 deflate in: ni:00000000 no:008C7A30 ai:0 ao:4096 fl:4 redo:0
2015/01/26 03:54:13 [debug] 8742#0: *3 deflate out: ni:00000000 no:008C7A3D ai:0 ao:4083 rc:1
2015/01/26 03:54:13 [debug] 8742#0: *3 gzip in_buf:008C695C pos:00000000
2015/01/26 03:54:13 [debug] 8742#0: *3 free: 00906C20
2015/01/26 03:54:13 [debug] 8742#0: *3 http chunk: 10
2015/01/26 03:54:13 [debug] 8742#0: *3 http chunk: 21
2015/01/26 03:54:13 [debug] 8742#0: *3 posix_memalign: 008C8A50:4096 @16
2015/01/26 03:54:13 [debug] 8742#0: *3 write old buf t:1 f:0 008C66EC, pos 008C66EC, size: 222 file: 0, size: 0
2015/01/26 03:54:13 [debug] 8742#0: *3 write new buf t:1 f:0 008C69FC, pos 008C69FC, size: 4 file: 0, size: 0
2015/01/26 03:54:13 [debug] 8742#0: *3 write new buf t:0 f:0 00000000, pos 000B1C7C, size: 10 file: 0, size: 0
2015/01/26 03:54:13 [debug] 8742#0: *3 write new buf t:1 f:0 008C7A30, pos 008C7A30, size: 21 file: 0, size: 0
2015/01/26 03:54:13 [debug] 8742#0: *3 write new buf t:0 f:0 00000000, pos 0009BF3C, size: 7 file: 0, size: 0
2015/01/26 03:54:13 [debug] 8742#0: *3 http write filter: l:1 f:1 s:264
2015/01/26 03:54:13 [debug] 8742#0: *3 http write filter limit 0
2015/01/26 03:54:13 [debug] 8742#0: *3 writev: 264
2015/01/26 03:54:13 [debug] 8742#0: *3 http write filter 00000000
2015/01/26 03:54:13 [debug] 8742#0: *3 http copy filter: 0 "/?"
2015/01/26 03:54:13 [debug] 8742#0: *3 http finalize request: 0, "/?" a:1, c:1
2015/01/26 03:54:13 [debug] 8742#0: *3 set http keepalive handler
2015/01/26 03:54:13 [debug] 8742#0: *3 http close request
2015/01/26 03:54:13 [debug] 8742#0: *3 http log handler
2015/01/26 03:54:13 [debug] 8742#0: *3 free: 008C7A30
2015/01/26 03:54:13 [debug] 8742#0: *3 free: 00000000
2015/01/26 03:54:13 [debug] 8742#0: *3 free: 008C6A28
2015/01/26 03:54:13 [debug] 8742#0: *3 free: 008C5A10, unused: 2
2015/01/26 03:54:13 [debug] 8742#0: *3 free: 008C8A50, unused: 3728
2015/01/26 03:54:13 [debug] 8742#0: *3 event timer add: 16: 65000:610343580
2015/01/26 03:54:13 [debug] 8742#0: *3 free: 008C5338
2015/01/26 03:54:13 [debug] 8742#0: *3 free: 008C55F0
2015/01/26 03:54:13 [debug] 8742#0: *3 hc free: 00000000 0
2015/01/26 03:54:13 [debug] 8742#0: *3 hc busy: 00000000 0
2015/01/26 03:54:13 [debug] 8742#0: *3 tcp_nodelay
2015/01/26 03:54:13 [debug] 8742#0: *3 reusable connection: 1
2015/01/26 03:54:13 [debug] 8742#0: *3 post event 008F34AC
2015/01/26 03:54:13 [debug] 8742#0: *3 delete posted event 008F34AC
2015/01/26 03:54:13 [debug] 8742#0: *3 http keepalive handler
2015/01/26 03:54:13 [debug] 8742#0: *3 malloc: 008C5338:1024
2015/01/26 03:54:13 [debug] 8742#0: *3 recv: fd:16 -1 of 1024
2015/01/26 03:54:13 [debug] 8742#0: *3 recv() not ready (11: Resource temporarily unavailable)
2015/01/26 03:54:14 [debug] 8742#0: *3 http keepalive handler
2015/01/26 03:54:14 [debug] 8742#0: *3 recv: fd:16 284 of 1024
2015/01/26 03:54:14 [debug] 8742#0: *3 reusable connection: 0
2015/01/26 03:54:14 [debug] 8742#0: *3 malloc: 008C5740:688
2015/01/26 03:54:14 [debug] 8742#0: *3 event timer del: 16: 610343580
2015/01/26 03:54:14 [debug] 8742#0: *3 generic phase: 0
2015/01/26 03:54:14 [debug] 8742#0: *3 rewrite phase: 1
2015/01/26 03:54:14 [debug] 8742#0: *3 test location: "/"
2015/01/26 03:54:14 [debug] 8742#0: *3 test location: "gitupdate"
2015/01/26 03:54:14 [debug] 8742#0: *3 test location: "500.html"
2015/01/26 03:54:14 [debug] 8742#0: *3 using configuration "/"
2015/01/26 03:54:14 [debug] 8742#0: *3 http cl:-1 max:78643200
2015/01/26 03:54:14 [debug] 8742#0: *3 rewrite phase: 3
2015/01/26 03:54:14 [debug] 8742#0: *3 post rewrite phase: 4
2015/01/26 03:54:14 [debug] 8742#0: *3 generic phase: 5
2015/01/26 03:54:14 [debug] 8742#0: *3 generic phase: 6
2015/01/26 03:54:14 [debug] 8742#0: *3 generic phase: 7
2015/01/26 03:54:14 [debug] 8742#0: *3 access phase: 8
2015/01/26 03:54:14 [debug] 8742#0: *3 access phase: 9
2015/01/26 03:54:14 [debug] 8742#0: *3 access phase: 10
2015/01/26 03:54:14 [debug] 8742#0: *3 post access phase: 11
2015/01/26 03:54:14 [debug] 8742#0: *3 try files phase: 12
2015/01/26 03:54:14 [debug] 8742#0: *3 http script var: "/favicon.ico"
2015/01/26 03:54:14 [debug] 8742#0: *3 trying to use file: "/favicon.ico" "/var/www/brewMonitor/static/favicon.ico"
2015/01/26 03:54:14 [debug] 8742#0: *3 trying to use file: "@proxy_to_app" "/var/www/brewMonitor/static@proxy_to_app"
2015/01/26 03:54:14 [debug] 8742#0: *3 test location: "@proxy_to_app"
2015/01/26 03:54:14 [debug] 8742#0: *3 using location: @proxy_to_app "/favicon.ico?"
2015/01/26 03:54:14 [debug] 8742#0: *3 rewrite phase: 3
2015/01/26 03:54:14 [debug] 8742#0: *3 post rewrite phase: 4
2015/01/26 03:54:14 [debug] 8742#0: *3 generic phase: 5
2015/01/26 03:54:14 [debug] 8742#0: *3 generic phase: 6
2015/01/26 03:54:14 [debug] 8742#0: *3 generic phase: 7
2015/01/26 03:54:14 [debug] 8742#0: *3 access phase: 8
2015/01/26 03:54:14 [debug] 8742#0: *3 access phase: 9
2015/01/26 03:54:14 [debug] 8742#0: *3 access phase: 10
2015/01/26 03:54:14 [debug] 8742#0: *3 post access phase: 11
2015/01/26 03:54:14 [debug] 8742#0: *3 try files phase: 12
2015/01/26 03:54:14 [debug] 8742#0: *3 http init upstream, client timer: 0
2015/01/26 03:54:14 [debug] 8742#0: *3 http script copy: "X-Forwarded-For: "
2015/01/26 03:54:14 [debug] 8742#0: *3 http script var: "192.168.1.109"
2015/01/26 03:54:14 [debug] 8742#0: *3 http script copy: "
"
2015/01/26 03:54:14 [debug] 8742#0: *3 http script copy: "Host: "
2015/01/26 03:54:14 [debug] 8742#0: *3 http script var: "192.168.1.101"
2015/01/26 03:54:14 [debug] 8742#0: *3 http script copy: "
"
2015/01/26 03:54:14 [debug] 8742#0: *3 http script copy: "Connection: close
"
2015/01/26 03:54:14 [debug] 8742#0: *3 http proxy header: "Accept: */*"
2015/01/26 03:54:14 [debug] 8742#0: *3 http proxy header: "DNT: 1"
2015/01/26 03:54:14 [debug] 8742#0: *3 http proxy header: "User-Agent: Mozilla/5.0 (X11; Linux x86_64) AppleWebKit/537.36 (KHTML, like Gecko) Chrome/40.0.2214.91 Safari/537.36"
2015/01/26 03:54:14 [debug] 8742#0: *3 http proxy header: "Accept-Encoding: gzip, deflate, sdch"
2015/01/26 03:54:14 [debug] 8742#0: *3 http proxy header: "Accept-Language: en-US,en;q=0.8"
2015/01/26 03:54:14 [debug] 8742#0: *3 http proxy header:
"GET /favicon.ico HTTP/1.0
X-Forwarded-For: 192.168.1.109
Host: 192.168.1.101
Connection: close
Accept: */*
DNT: 1
User-Agent: Mozilla/5.0 (X11; Linux x86_64) AppleWebKit/537.36 (KHTML, like Gecko) Chrome/40.0.2214.91 Safari/537.36
Accept-Encoding: gzip, deflate, sdch
Accept-Language: en-US,en;q=0.8

"
2015/01/26 03:54:14 [debug] 8742#0: *3 http cleanup add: 008C6438
2015/01/26 03:54:14 [debug] 8742#0: *3 get rr peer, try: 1
2015/01/26 03:54:14 [debug] 8742#0: *3 socket 17
2015/01/26 03:54:14 [debug] 8742#0: *3 epoll add connection: fd:17 ev:80000005
2015/01/26 03:54:14 [debug] 8742#0: *3 connect to unix:/tmp/gunicorn.sock, fd:17 #6
2015/01/26 03:54:14 [debug] 8742#0: *3 connected
2015/01/26 03:54:14 [debug] 8742#0: *3 http upstream connect: 0
2015/01/26 03:54:14 [debug] 8742#0: *3 posix_memalign: 008C0D60:128 @16
2015/01/26 03:54:14 [debug] 8742#0: *3 http upstream send request
2015/01/26 03:54:14 [debug] 8742#0: *3 chain writer buf fl:1 s:311
2015/01/26 03:54:14 [debug] 8742#0: *3 chain writer in: 008C6454
2015/01/26 03:54:14 [debug] 8742#0: *3 writev: 311
2015/01/26 03:54:14 [debug] 8742#0: *3 chain writer out: 00000000
2015/01/26 03:54:14 [debug] 8742#0: *3 event timer add: 17: 60000:610339447
2015/01/26 03:54:14 [debug] 8742#0: *3 http finalize request: -4, "/favicon.ico?" a:1, c:3
2015/01/26 03:54:14 [debug] 8742#0: *3 http request count:3 blk:0
2015/01/26 03:54:14 [debug] 8742#0: *3 http finalize request: -4, "/favicon.ico?" a:1, c:2
2015/01/26 03:54:14 [debug] 8742#0: *3 http request count:2 blk:0
2015/01/26 03:54:14 [debug] 8742#0: *3 http run request: "/favicon.ico?"
2015/01/26 03:54:14 [debug] 8742#0: *3 http upstream check client, write event:1, "/favicon.ico"
2015/01/26 03:54:14 [debug] 8742#0: *3 http upstream recv(): -1 (11: Resource temporarily unavailable)
2015/01/26 03:54:14 [debug] 8742#0: *3 http upstream request: "/favicon.ico?"
2015/01/26 03:54:14 [debug] 8742#0: *3 http upstream dummy handler
2015/01/26 03:54:14 [debug] 8742#0: *3 http upstream request: "/favicon.ico?"
2015/01/26 03:54:14 [debug] 8742#0: *3 http upstream dummy handler
2015/01/26 03:54:14 [debug] 8742#0: *3 http upstream request: "/favicon.ico?"
2015/01/26 03:54:14 [debug] 8742#0: *3 http upstream process header
2015/01/26 03:54:14 [debug] 8742#0: *3 malloc: 008C6A28:4096
2015/01/26 03:54:14 [debug] 8742#0: *3 recv: fd:17 161 of 4096
2015/01/26 03:54:14 [debug] 8742#0: *3 http proxy status 404 "404 NOT FOUND"
2015/01/26 03:54:14 [debug] 8742#0: *3 http proxy header: "Server: gunicorn/19.1.1"
2015/01/26 03:54:14 [debug] 8742#0: *3 http proxy header: "Date: Mon, 26 Jan 2015 03:54:14 GMT"
2015/01/26 03:54:14 [debug] 8742#0: *3 http proxy header: "Connection: close"
2015/01/26 03:54:14 [debug] 8742#0: *3 http proxy header: "X-Frame-Options: SAMEORIGIN"
2015/01/26 03:54:14 [debug] 8742#0: *3 http proxy header: "Content-Type: text/html"
2015/01/26 03:54:14 [debug] 8742#0: *3 http proxy header done
2015/01/26 03:54:14 [debug] 8742#0: *3 xslt filter header
2015/01/26 03:54:14 [debug] 8742#0: *3 charset: "" > "utf-8"
2015/01/26 03:54:14 [debug] 8742#0: *3 HTTP/1.1 404 NOT FOUND
Server: nginx/1.2.1
Date: Mon, 26 Jan 2015 03:54:14 GMT
Content-Type: text/html; charset=utf-8
Transfer-Encoding: chunked
Connection: keep-alive
X-Frame-Options: SAMEORIGIN
Content-Encoding: gzip

2015/01/26 03:54:14 [debug] 8742#0: *3 write new buf t:1 f:0 008C66B0, pos 008C66B0, size: 229 file: 0, size: 0
2015/01/26 03:54:14 [debug] 8742#0: *3 http write filter: l:0 f:0 s:229
2015/01/26 03:54:14 [debug] 8742#0: *3 http cacheable: 0
2015/01/26 03:54:14 [debug] 8742#0: *3 http proxy filter init s:404 h:0 c:0 l:-1
2015/01/26 03:54:14 [debug] 8742#0: *3 http upstream process upstream
2015/01/26 03:54:14 [debug] 8742#0: *3 pipe read upstream: 1
2015/01/26 03:54:14 [debug] 8742#0: *3 pipe preread: 0
2015/01/26 03:54:14 [debug] 8742#0: *3 readv: 1:3935
2015/01/26 03:54:14 [debug] 8742#0: *3 readv() not ready (11: Resource temporarily unavailable)
2015/01/26 03:54:14 [debug] 8742#0: *3 pipe recv chain: -2
2015/01/26 03:54:14 [debug] 8742#0: *3 pipe buf free s:0 t:1 f:0 008C6A28, pos 008C6AC9, size: 0 file: 0, size: 0
2015/01/26 03:54:14 [debug] 8742#0: *3 pipe length: -1
2015/01/26 03:54:14 [debug] 8742#0: *3 event timer del: 17: 610339447
2015/01/26 03:54:14 [debug] 8742#0: *3 event timer add: 17: 60000:610339807
2015/01/26 03:54:14 [debug] 8742#0: *3 http upstream request: "/favicon.ico?"
2015/01/26 03:54:14 [debug] 8742#0: *3 http upstream dummy handler
2015/01/26 03:54:14 [debug] 8742#0: *3 http upstream request: "/favicon.ico?"
2015/01/26 03:54:14 [debug] 8742#0: *3 http upstream process upstream
2015/01/26 03:54:14 [debug] 8742#0: *3 pipe read upstream: 1
2015/01/26 03:54:14 [debug] 8742#0: *3 readv: 1:3935
2015/01/26 03:54:14 [debug] 8742#0: *3 pipe recv chain: 2045
2015/01/26 03:54:14 [debug] 8742#0: *3 readv: 1:1890
2015/01/26 03:54:14 [debug] 8742#0: *3 readv() not ready (11: Resource temporarily unavailable)
2015/01/26 03:54:14 [debug] 8742#0: *3 pipe recv chain: -2
2015/01/26 03:54:14 [debug] 8742#0: *3 pipe buf free s:0 t:1 f:0 008C6A28, pos 008C6AC9, size: 2045 file: 0, size: 0
2015/01/26 03:54:14 [debug] 8742#0: *3 pipe length: -1
2015/01/26 03:54:14 [debug] 8742#0: *3 pipe write downstream: 1
2015/01/26 03:54:14 [debug] 8742#0: *3 pipe write busy: 0
2015/01/26 03:54:14 [debug] 8742#0: *3 pipe write: out:00000000, f:0
2015/01/26 03:54:14 [debug] 8742#0: *3 pipe read upstream: 0
2015/01/26 03:54:14 [debug] 8742#0: *3 pipe buf free s:0 t:1 f:0 008C6A28, pos 008C6AC9, size: 2045 file: 0, size: 0
2015/01/26 03:54:14 [debug] 8742#0: *3 pipe length: -1
2015/01/26 03:54:14 [debug] 8742#0: *3 event timer: 17, old: 610339807, new: 610339809
2015/01/26 03:54:14 [debug] 8742#0: *3 http upstream request: "/favicon.ico?"
2015/01/26 03:54:14 [debug] 8742#0: *3 http upstream dummy handler
2015/01/26 03:54:14 [debug] 8742#0: *3 http upstream request: "/favicon.ico?"
2015/01/26 03:54:14 [debug] 8742#0: *3 http upstream process upstream
2015/01/26 03:54:14 [debug] 8742#0: *3 pipe read upstream: 1
2015/01/26 03:54:14 [debug] 8742#0: *3 readv: 1:1890
2015/01/26 03:54:14 [debug] 8742#0: *3 pipe recv chain: 0
2015/01/26 03:54:14 [debug] 8742#0: *3 pipe buf free s:0 t:1 f:0 008C6A28, pos 008C6AC9, size: 2045 file: 0, size: 0
2015/01/26 03:54:14 [debug] 8742#0: *3 pipe length: -1
2015/01/26 03:54:14 [debug] 8742#0: *3 input buf #0
2015/01/26 03:54:14 [debug] 8742#0: *3 pipe write downstream: 1
2015/01/26 03:54:14 [debug] 8742#0: *3 pipe write downstream flush in
2015/01/26 03:54:14 [debug] 8742#0: *3 http output filter "/favicon.ico?"
2015/01/26 03:54:14 [debug] 8742#0: *3 http copy filter: "/favicon.ico?"
2015/01/26 03:54:14 [debug] 8742#0: *3 image filter
2015/01/26 03:54:14 [debug] 8742#0: *3 xslt filter body
2015/01/26 03:54:14 [debug] 8742#0: *3 http postpone filter "/favicon.ico?" 008C6890
2015/01/26 03:54:14 [debug] 8742#0: *3 http gzip filter
2015/01/26 03:54:14 [debug] 8742#0: *3 malloc: 00906C20:270336
2015/01/26 03:54:14 [debug] 8742#0: *3 gzip alloc: n:1 s:5828 a:8192 p:00906C20
2015/01/26 03:54:14 [debug] 8742#0: *3 gzip alloc: n:32768 s:2 a:65536 p:00908C20
2015/01/26 03:54:14 [debug] 8742#0: *3 gzip alloc: n:32768 s:2 a:65536 p:00918C20
2015/01/26 03:54:14 [debug] 8742#0: *3 gzip alloc: n:32768 s:2 a:65536 p:00928C20
2015/01/26 03:54:14 [debug] 8742#0: *3 gzip alloc: n:16384 s:4 a:65536 p:00938C20
2015/01/26 03:54:14 [debug] 8742#0: *3 gzip in: 008C68E0
2015/01/26 03:54:14 [debug] 8742#0: *3 gzip in_buf:008C6858 ni:008C6AC9 ai:2045
2015/01/26 03:54:14 [debug] 8742#0: *3 malloc: 008C7A30:4096
2015/01/26 03:54:14 [debug] 8742#0: *3 deflate in: ni:008C6AC9 no:008C7A30 ai:2045 ao:4096 fl:0 redo:0
2015/01/26 03:54:14 [debug] 8742#0: *3 deflate out: ni:008C72C6 no:008C7A30 ai:0 ao:4096 rc:0
2015/01/26 03:54:14 [debug] 8742#0: *3 gzip in_buf:008C6858 pos:008C6AC9
2015/01/26 03:54:14 [debug] 8742#0: *3 gzip in: 00000000
2015/01/26 03:54:14 [debug] 8742#0: *3 http copy filter: 0 "/favicon.ico?"
2015/01/26 03:54:14 [debug] 8742#0: *3 pipe write downstream done
2015/01/26 03:54:14 [debug] 8742#0: *3 event timer: 17, old: 610339807, new: 610339812
2015/01/26 03:54:14 [debug] 8742#0: *3 http upstream exit: 00000000
2015/01/26 03:54:14 [debug] 8742#0: *3 finalize http upstream request: 0
2015/01/26 03:54:14 [debug] 8742#0: *3 finalize http proxy request
2015/01/26 03:54:14 [debug] 8742#0: *3 free rr peer 1 0
2015/01/26 03:54:14 [debug] 8742#0: *3 close http upstream connection: 17
2015/01/26 03:54:14 [debug] 8742#0: *3 free: 008C0D60, unused: 88
2015/01/26 03:54:14 [debug] 8742#0: *3 event timer del: 17: 610339807
2015/01/26 03:54:14 [debug] 8742#0: *3 reusable connection: 0
2015/01/26 03:54:14 [debug] 8742#0: *3 http upstream temp fd: -1
2015/01/26 03:54:14 [debug] 8742#0: *3 http output filter "/favicon.ico?"
2015/01/26 03:54:14 [debug] 8742#0: *3 http copy filter: "/favicon.ico?"
2015/01/26 03:54:14 [debug] 8742#0: *3 image filter
2015/01/26 03:54:14 [debug] 8742#0: *3 xslt filter body
2015/01/26 03:54:14 [debug] 8742#0: *3 http postpone filter "/favicon.ico?" BEC749A8
2015/01/26 03:54:14 [debug] 8742#0: *3 http gzip filter
2015/01/26 03:54:14 [debug] 8742#0: *3 gzip in: 008C6960
2015/01/26 03:54:14 [debug] 8742#0: *3 gzip in_buf:008C6928 ni:00000000 ai:0
2015/01/26 03:54:14 [debug] 8742#0: *3 deflate in: ni:00000000 no:008C7A30 ai:0 ao:4096 fl:4 redo:0
2015/01/26 03:54:14 [debug] 8742#0: *3 deflate out: ni:00000000 no:008C7DEC ai:0 ao:3140 rc:1
2015/01/26 03:54:14 [debug] 8742#0: *3 gzip in_buf:008C6928 pos:00000000
2015/01/26 03:54:14 [debug] 8742#0: *3 free: 00906C20
2015/01/26 03:54:14 [debug] 8742#0: *3 http chunk: 10
2015/01/26 03:54:14 [debug] 8742#0: *3 http chunk: 964
2015/01/26 03:54:14 [debug] 8742#0: *3 posix_memalign: 008C8A50:4096 @16
2015/01/26 03:54:14 [debug] 8742#0: *3 write old buf t:1 f:0 008C66B0, pos 008C66B0, size: 229 file: 0, size: 0
2015/01/26 03:54:14 [debug] 8742#0: *3 write new buf t:1 f:0 008C8A60, pos 008C8A60, size: 5 file: 0, size: 0
2015/01/26 03:54:14 [debug] 8742#0: *3 write new buf t:0 f:0 00000000, pos 000B1C7C, size: 10 file: 0, size: 0
2015/01/26 03:54:14 [debug] 8742#0: *3 write new buf t:1 f:0 008C7A30, pos 008C7A30, size: 964 file: 0, size: 0
2015/01/26 03:54:14 [debug] 8742#0: *3 write new buf t:0 f:0 00000000, pos 0009BF3C, size: 7 file: 0, size: 0
2015/01/26 03:54:14 [debug] 8742#0: *3 http write filter: l:1 f:1 s:1215
2015/01/26 03:54:14 [debug] 8742#0: *3 http write filter limit 0
2015/01/26 03:54:14 [debug] 8742#0: *3 writev: 1215
2015/01/26 03:54:14 [debug] 8742#0: *3 http write filter 00000000
2015/01/26 03:54:14 [debug] 8742#0: *3 http copy filter: 0 "/favicon.ico?"
2015/01/26 03:54:14 [debug] 8742#0: *3 http finalize request: 0, "/favicon.ico?" a:1, c:1
2015/01/26 03:54:14 [debug] 8742#0: *3 set http keepalive handler
2015/01/26 03:54:14 [debug] 8742#0: *3 http close request
2015/01/26 03:54:14 [debug] 8742#0: *3 http log handler
2015/01/26 03:54:14 [debug] 8742#0: *3 free: 008C7A30
2015/01/26 03:54:14 [debug] 8742#0: *3 free: 00000000
2015/01/26 03:54:14 [debug] 8742#0: *3 free: 008C6A28
2015/01/26 03:54:14 [debug] 8742#0: *3 free: 008C5A10, unused: 0
2015/01/26 03:54:14 [debug] 8742#0: *3 free: 008C8A50, unused: 3769
2015/01/26 03:54:14 [debug] 8742#0: *3 event timer add: 16: 65000:610344812
2015/01/26 03:54:14 [debug] 8742#0: *3 free: 008C5740
2015/01/26 03:54:14 [debug] 8742#0: *3 free: 008C5338
2015/01/26 03:54:14 [debug] 8742#0: *3 hc free: 00000000 0
2015/01/26 03:54:14 [debug] 8742#0: *3 hc busy: 00000000 0
2015/01/26 03:54:14 [debug] 8742#0: *3 reusable connection: 1
2015/01/26 03:54:14 [debug] 8742#0: *3 post event 008F34AC
2015/01/26 03:54:14 [debug] 8742#0: *3 delete posted event 008F34AC
2015/01/26 03:54:14 [debug] 8742#0: *3 http keepalive handler
2015/01/26 03:54:14 [debug] 8742#0: *3 malloc: 008C5338:1024
2015/01/26 03:54:14 [debug] 8742#0: *3 recv: fd:16 -1 of 1024
2015/01/26 03:54:14 [debug] 8742#0: *3 recv() not ready (11: Resource temporarily unavailable)
2015/01/26 03:55:06 [debug] 8742#0: *1 event timer del: 15: 610331617
2015/01/26 03:55:06 [debug] 8742#0: *1 http keepalive handler
2015/01/26 03:55:06 [debug] 8742#0: *1 close http connection: 15
2015/01/26 03:55:06 [debug] 8742#0: *1 reusable connection: 0
2015/01/26 03:55:06 [debug] 8742#0: *1 free: 008C4F30
2015/01/26 03:55:06 [debug] 8742#0: *1 free: 00000000
2015/01/26 03:55:06 [debug] 8742#0: *1 free: 008D7A90, unused: 52
2015/01/26 03:55:19 [debug] 8742#0: *3 event timer del: 16: 610344812
2015/01/26 03:55:19 [debug] 8742#0: *3 http keepalive handler
2015/01/26 03:55:19 [debug] 8742#0: *3 close http connection: 16
2015/01/26 03:55:19 [debug] 8742#0: *3 reusable connection: 0
2015/01/26 03:55:19 [debug] 8742#0: *3 free: 008C5338
2015/01/26 03:55:19 [debug] 8742#0: *3 free: 00000000
2015/01/26 03:55:19 [debug] 8742#0: *3 free: 008C0C40, unused: 52
